<?xml version="1.0" encoding="UTF-8"?>
<!-- Generated by org.testng.reporters.JUnitReportReporter -->
<testsuite hostname="LAPTOP-KA4DGM33" failures="0" tests="1" name="Selenium.Grid.Firefox_4" time="8.095" errors="0" timestamp="2022-11-10T12:17:27 IST" skipped="0">
  <testcase classname="Selenium.Grid.Firefox_4" name="getFirefox" time="8.095"/>
  <system-out/>
</testsuite> <!-- Selenium.Grid.Firefox_4 -->
