<?xml version="1.0" encoding="UTF-8"?>
<!-- Generated by org.testng.reporters.JUnitReportReporter -->
<testsuite hostname="LAPTOP-KA4DGM33" failures="0" tests="1" name="Selenium.Grid.ChromeTest_3" time="5.748" errors="0" timestamp="2022-11-10T12:17:27 IST" skipped="0">
  <testcase classname="Selenium.Grid.ChromeTest_3" name="getChrome" time="5.748"/>
  <system-out/>
</testsuite> <!-- Selenium.Grid.ChromeTest_3 -->
